<?xml version="1.0" encoding="UTF-8"?>
<!-- Generated by org.testng.reporters.JUnitReportReporter -->
<testsuite skipped="0" hostname="Admin-PC" name="com.actitime.testscript.CustomerTest" tests="1" failures="0" timestamp="2020-06-25T23:59:53 IST" time="32.027" errors="0">
  <testcase name="testCreateCustomer" time="32.027" classname="com.actitime.testscript.CustomerTest"/>
  <system-out/>
</testsuite> <!-- com.actitime.testscript.CustomerTest -->
