<?xml version="1.0" encoding="UTF-8"?>
<!-- Generated by org.testng.reporters.JUnitReportReporter -->
<testsuite skipped="0" hostname="Admin-PC" name="com.actitime.testscript.CustomerTest" tests="1" failures="0" timestamp="2020-07-03T09:14:30 IST" time="32.457" errors="0">
  <testcase name="testCreateCustomer" time="32.457" classname="com.actitime.testscript.CustomerTest"/>
  <system-out/>
</testsuite> <!-- com.actitime.testscript.CustomerTest -->
